2012/07/20 13:00:10 [error] [exception.CHttpException.404] exception 'CHttpException' with message 'Системе не удалось найти запрашиваемое действие "assetGroup".' in C:\sites\site2\www\framework\web\CController.php:484
Stack trace:
#0 C:\sites\site2\www\framework\web\CController.php(271): CController->missingAction('assetGroup')
#1 C:\sites\site2\www\framework\web\CWebApplication.php(276): CController->run('assetGroup')
#2 C:\sites\site2\www\framework\web\CWebApplication.php(135): CWebApplication->runController('assetGroup/asse...')
#3 C:\sites\site2\www\framework\base\CApplication.php(162): CWebApplication->processRequest()
#4 C:\sites\site2\www\goods\index.php(13): CApplication->run()
#5 {main}
REQUEST_URI=/goods/index.php/assetGroup/assetGroup/getDataForGrid?_search=false&nd=1342778410340&rows=10000&page=1&sidx=&sord=asc
HTTP_REFERER=http://site2/goods/index.php/assetGroup/index
---
2012/07/20 13:00:53 [error] [exception.CHttpException.404] exception 'CHttpException' with message 'Системе не удалось найти запрашиваемое действие "assetGroup".' in C:\sites\site2\www\framework\web\CController.php:484
Stack trace:
#0 C:\sites\site2\www\framework\web\CController.php(271): CController->missingAction('assetGroup')
#1 C:\sites\site2\www\framework\web\CWebApplication.php(276): CController->run('assetGroup')
#2 C:\sites\site2\www\framework\web\CWebApplication.php(135): CWebApplication->runController('assetGroup/asse...')
#3 C:\sites\site2\www\framework\base\CApplication.php(162): CWebApplication->processRequest()
#4 C:\sites\site2\www\goods\index.php(13): CApplication->run()
#5 {main}
REQUEST_URI=/goods/index.php/assetGroup/assetGroup/getDataForGrid?_search=false&nd=1342778453800&rows=10000&page=1&sidx=&sord=asc
HTTP_REFERER=http://site2/goods/index.php/assetGroup/index
---
2012/07/20 13:05:33 [error] [exception.CHttpException.404] exception 'CHttpException' with message 'Системе не удалось найти запрашиваемое действие "assetGroup".' in C:\sites\site2\www\framework\web\CController.php:484
Stack trace:
#0 C:\sites\site2\www\framework\web\CController.php(271): CController->missingAction('assetGroup')
#1 C:\sites\site2\www\framework\web\CWebApplication.php(276): CController->run('assetGroup')
#2 C:\sites\site2\www\framework\web\CWebApplication.php(135): CWebApplication->runController('assetGroup/asse...')
#3 C:\sites\site2\www\framework\base\CApplication.php(162): CWebApplication->processRequest()
#4 C:\sites\site2\www\goods\index.php(13): CApplication->run()
#5 {main}
REQUEST_URI=/goods/index.php/assetGroup/assetGroup/getDataForGrid?_search=false&nd=1342778733463&rows=10000&page=1&sidx=&sord=asc
HTTP_REFERER=http://site2/goods/index.php/assetGroup/index
---
2012/07/20 14:13:40 [error] [exception.CHttpException.404] exception 'CHttpException' with message 'Системе не удалось найти запрашиваемое действие "assetGroup".' in C:\sites\site2\www\framework\web\CController.php:484
Stack trace:
#0 C:\sites\site2\www\framework\web\CController.php(271): CController->missingAction('assetGroup')
#1 C:\sites\site2\www\framework\web\CWebApplication.php(276): CController->run('assetGroup')
#2 C:\sites\site2\www\framework\web\CWebApplication.php(135): CWebApplication->runController('assetGroup/asse...')
#3 C:\sites\site2\www\framework\base\CApplication.php(162): CWebApplication->processRequest()
#4 C:\sites\site2\www\goods\index.php(13): CApplication->run()
#5 {main}
REQUEST_URI=/goods/index.php/assetGroup/assetGroup/getDataForGrid?_search=false&nd=1342782820189&rows=10000&page=1&sidx=&sord=asc
HTTP_REFERER=http://site2/goods/index.php/assetGroup/index
---
2012/07/20 14:16:00 [warning] [application] Не удалось присвоить небезопасный атрибут "id" класса "Asset".
in C:\sites\site2\www\goods\protected\controllers\AssetController.php (185)
in C:\sites\site2\www\goods\index.php (13)
2012/07/20 14:17:17 [error] [exception.CHttpException.404] exception 'CHttpException' with message 'Системе не удалось найти запрашиваемое действие "assetGroup".' in C:\sites\site2\www\framework\web\CController.php:484
Stack trace:
#0 C:\sites\site2\www\framework\web\CController.php(271): CController->missingAction('assetGroup')
#1 C:\sites\site2\www\framework\web\CWebApplication.php(276): CController->run('assetGroup')
#2 C:\sites\site2\www\framework\web\CWebApplication.php(135): CWebApplication->runController('assetGroup/asse...')
#3 C:\sites\site2\www\framework\base\CApplication.php(162): CWebApplication->processRequest()
#4 C:\sites\site2\www\goods\index.php(13): CApplication->run()
#5 {main}
REQUEST_URI=/goods/index.php/assetGroup/assetGroup/getDataForGrid?_search=false&nd=1342783037403&rows=10000&page=1&sidx=&sord=asc
HTTP_REFERER=http://site2/goods/index.php/assetGroup/index
---
2012/07/20 14:18:15 [error] [exception.CHttpException.404] exception 'CHttpException' with message 'Системе не удалось найти запрашиваемое действие "assetGroup".' in C:\sites\site2\www\framework\web\CController.php:484
Stack trace:
#0 C:\sites\site2\www\framework\web\CController.php(271): CController->missingAction('assetGroup')
#1 C:\sites\site2\www\framework\web\CWebApplication.php(276): CController->run('assetGroup')
#2 C:\sites\site2\www\framework\web\CWebApplication.php(135): CWebApplication->runController('assetGroup/asse...')
#3 C:\sites\site2\www\framework\base\CApplication.php(162): CWebApplication->processRequest()
#4 C:\sites\site2\www\goods\index.php(13): CApplication->run()
#5 {main}
REQUEST_URI=/goods/index.php/assetGroup/assetGroup/getDataForGrid?_search=false&nd=1342783095226&rows=10000&page=1&sidx=&sord=asc
HTTP_REFERER=http://site2/goods/index.php/assetGroup/index
---
2012/07/20 14:18:20 [error] [exception.CHttpException.404] exception 'CHttpException' with message 'Системе не удалось найти запрашиваемое действие "assetGroup".' in C:\sites\site2\www\framework\web\CController.php:484
Stack trace:
#0 C:\sites\site2\www\framework\web\CController.php(271): CController->missingAction('assetGroup')
#1 C:\sites\site2\www\framework\web\CWebApplication.php(276): CController->run('assetGroup')
#2 C:\sites\site2\www\framework\web\CWebApplication.php(135): CWebApplication->runController('assetGroup/asse...')
#3 C:\sites\site2\www\framework\base\CApplication.php(162): CWebApplication->processRequest()
#4 C:\sites\site2\www\goods\index.php(13): CApplication->run()
#5 {main}
REQUEST_URI=/goods/index.php/assetGroup/assetGroup/getDataForGrid?_search=false&nd=1342783100417&rows=10000&page=1&sidx=&sord=asc
HTTP_REFERER=http://site2/goods/index.php/assetGroup/index
---
